find_header: checking for rice/rice.hpp in C:/Ruby32-x64/lib/ruby/gems/3.2.0/gems/rice-4.1.0/include... -------------------- yes

PATH=".;C:/Ruby32-x64/lib;C:\Ruby32-x64\bin;C:\Ruby32-x64\msys64\ucrt64\bin;C:\Ruby32-x64\msys64\usr\bin;c:\work\prog_projects;C:\Program Files\Microsoft Visual Studio\2022\Community\Common7\IDE\\Extensions\Microsoft\IntelliCode\CLI;C:\Program Files\Microsoft Visual Studio\2022\Community\VC\Tools\MSVC\14.31.31103\bin\HostX64\x64;C:\Program Files\Microsoft Visual Studio\2022\Community\Common7\IDE\VC\VCPackages;C:\Program Files\Microsoft Visual Studio\2022\Community\Common7\IDE\CommonExtensions\Microsoft\TestWindow;C:\Program Files\Microsoft Visual Studio\2022\Community\Common7\IDE\CommonExtensions\Microsoft\TeamFoundation\Team Explorer;C:\Program Files\Microsoft Visual Studio\2022\Community\MSBuild\Current\bin\Roslyn;C:\Program Files\Microsoft Visual Studio\2022\Community\Team Tools\Performance Tools\x64;C:\Program Files\Microsoft Visual Studio\2022\Community\Team Tools\Performance Tools;C:\Program Files (x86)\Microsoft SDKs\Windows\v10.0A\bin\NETFX 4.8 Tools\x64\;C:\Program Files\Microsoft Visual Studio\2022\Community\Common7\IDE\CommonExtensions\Microsoft\FSharp\Tools;C:\Program Files (x86)\Windows Kits\10\bin\10.0.19041.0\\x64;C:\Program Files (x86)\Windows Kits\10\bin\\x64;C:\Program Files\Microsoft Visual Studio\2022\Community\\MSBuild\Current\Bin\amd64;C:\Windows\Microsoft.NET\Framework64\v4.0.30319;C:\Program Files\Microsoft Visual Studio\2022\Community\Common7\IDE\;C:\Program Files\Microsoft Visual Studio\2022\Community\Common7\Tools\;C:\Ruby32-x64\bin;C:\Program Files\Eclipse Adoptium\jdk-17.0.4.101-hotspot\bin;C:\Program Files\Microsoft\jdk-11.0.12.7-hotspot\bin;C:\WINDOWS\system32;C:\WINDOWS;C:\WINDOWS\System32\Wbem;C:\WINDOWS\System32\WindowsPowerShell\v1.0\;C:\WINDOWS\System32\OpenSSH\;C:\Program Files (x86)\NVIDIA Corporation\PhysX\Common;C:\Program Files\Microsoft SQL Server\150\Tools\Binn\;C:\Program Files\Microsoft SQL Server\Client SDK\ODBC\170\Tools\Binn\;C:\Program Files\dotnet\;C:\Mingw64\mingw64\bin;C:\Users\johnt\AppData\Local\Programs\Python\Python310\Scripts;C:\Users\johnt\AppData\Local\Programs\Python\Python310;C:\Program Files\NVIDIA Corporation\NVIDIA NvDLISR;C:\Program Files (x86)\Windows Kits\10\Windows Performance Toolkit\;C:\Program Files\Git\cmd;C:\Program Files\qemu;C:\Ruby32-x64\lib\ruby\gems\3.2.0\gems\rice-4.1.0\include;C:\Ruby32-x64\lib\ruby\gems\3.2.0\gems\rice-4.1.0\lib;C:\Ruby32-x64\include;C:\Ruby32-x64\lib;C:\Ruby32-x64\lib\ruby\gems\3.2.0\gems\rice-4.1.0\include\rice;C:\Users\johnt\AppData\Local\Microsoft\WindowsApps;C:\Users\johnt\.dotnet\tools;C:\Mingw64\mingw64\bin;C:\Users\johnt\AppData\Local\Programs\Python\Python310\Scripts;C:\Users\johnt\AppData\Local\Programs\Python\Python310;C:\Users\johnt\AppData\Local\Programs\Microsoft VS Code\bin;C:\Users\johnt\AppData\Local\GitHubDesktop\bin;C:\Program Files\CMake\bin;C:\Users\johnt\AppData\Local\Programs\Julia-1.9.0\bin;C:\Program Files\qemu;C:\Ruby32-x64\lib\ruby\gems\3.2.0\gems\rice-4.1.0\lib;C:\Ruby32-x64\lib\ruby\gems\3.2.0\gems\rice-4.1.0\include;C:\Ruby32-x64\lib;C:\Ruby32-x64\include;C:\Ruby32-x64\lib\ruby\gems\3.2.0\gems\rice-4.1.0\include\rice;;C:\Program Files\Microsoft Visual Studio\2022\Community\Common7\IDE\CommonExtensions\Microsoft\CMake\CMake\bin;C:\Program Files\Microsoft Visual Studio\2022\Community\Common7\IDE\CommonExtensions\Microsoft\CMake\Ninja;C:\Program Files\Microsoft Visual Studio\2022\Community\Common7\IDE\VC\Linux\bin\ConnectionManagerExe" "g++ -o conftest.exe -IC:/Ruby32-x64/include/ruby-3.2.0/x64-mingw-ucrt -IC:/Ruby32-x64/include/ruby-3.2.0/ruby/backward -IC:/Ruby32-x64/include/ruby-3.2.0 -I. -D__USE_MINGW_ANSI_STDIO=1 -DFD_SETSIZE=2048 -D_WIN32_WINNT=0x0600 -D__MINGW_USE_VC2005_COMPAT -D_FILE_OFFSET_BITS=64  -march=nocona -msahf -mtune=generic -O2 -pipe conftest.cc  -L. -LC:/Ruby32-x64/lib -L. -pipe -s -fstack-protector-strong -Wl,--no-as-needed  -m64   -lx64-ucrt-ruby320  -lshell32 -lws2_32 -liphlpapi -limagehlp -lshlwapi -lbcrypt  "
checked program was:
/* begin */
1: #include "ruby.h"
2: 
3: #include <winsock2.h>
4: #include <windows.h>
5: int main(int argc, char **argv)
6: {
7:   return !!argv[argc];
8: }
/* end */

PATH=".;C:/Ruby32-x64/lib;C:\Ruby32-x64\bin;C:\Ruby32-x64\msys64\ucrt64\bin;C:\Ruby32-x64\msys64\usr\bin;c:\work\prog_projects;C:\Program Files\Microsoft Visual Studio\2022\Community\Common7\IDE\\Extensions\Microsoft\IntelliCode\CLI;C:\Program Files\Microsoft Visual Studio\2022\Community\VC\Tools\MSVC\14.31.31103\bin\HostX64\x64;C:\Program Files\Microsoft Visual Studio\2022\Community\Common7\IDE\VC\VCPackages;C:\Program Files\Microsoft Visual Studio\2022\Community\Common7\IDE\CommonExtensions\Microsoft\TestWindow;C:\Program Files\Microsoft Visual Studio\2022\Community\Common7\IDE\CommonExtensions\Microsoft\TeamFoundation\Team Explorer;C:\Program Files\Microsoft Visual Studio\2022\Community\MSBuild\Current\bin\Roslyn;C:\Program Files\Microsoft Visual Studio\2022\Community\Team Tools\Performance Tools\x64;C:\Program Files\Microsoft Visual Studio\2022\Community\Team Tools\Performance Tools;C:\Program Files (x86)\Microsoft SDKs\Windows\v10.0A\bin\NETFX 4.8 Tools\x64\;C:\Program Files\Microsoft Visual Studio\2022\Community\Common7\IDE\CommonExtensions\Microsoft\FSharp\Tools;C:\Program Files (x86)\Windows Kits\10\bin\10.0.19041.0\\x64;C:\Program Files (x86)\Windows Kits\10\bin\\x64;C:\Program Files\Microsoft Visual Studio\2022\Community\\MSBuild\Current\Bin\amd64;C:\Windows\Microsoft.NET\Framework64\v4.0.30319;C:\Program Files\Microsoft Visual Studio\2022\Community\Common7\IDE\;C:\Program Files\Microsoft Visual Studio\2022\Community\Common7\Tools\;C:\Ruby32-x64\bin;C:\Program Files\Eclipse Adoptium\jdk-17.0.4.101-hotspot\bin;C:\Program Files\Microsoft\jdk-11.0.12.7-hotspot\bin;C:\WINDOWS\system32;C:\WINDOWS;C:\WINDOWS\System32\Wbem;C:\WINDOWS\System32\WindowsPowerShell\v1.0\;C:\WINDOWS\System32\OpenSSH\;C:\Program Files (x86)\NVIDIA Corporation\PhysX\Common;C:\Program Files\Microsoft SQL Server\150\Tools\Binn\;C:\Program Files\Microsoft SQL Server\Client SDK\ODBC\170\Tools\Binn\;C:\Program Files\dotnet\;C:\Mingw64\mingw64\bin;C:\Users\johnt\AppData\Local\Programs\Python\Python310\Scripts;C:\Users\johnt\AppData\Local\Programs\Python\Python310;C:\Program Files\NVIDIA Corporation\NVIDIA NvDLISR;C:\Program Files (x86)\Windows Kits\10\Windows Performance Toolkit\;C:\Program Files\Git\cmd;C:\Program Files\qemu;C:\Ruby32-x64\lib\ruby\gems\3.2.0\gems\rice-4.1.0\include;C:\Ruby32-x64\lib\ruby\gems\3.2.0\gems\rice-4.1.0\lib;C:\Ruby32-x64\include;C:\Ruby32-x64\lib;C:\Ruby32-x64\lib\ruby\gems\3.2.0\gems\rice-4.1.0\include\rice;C:\Users\johnt\AppData\Local\Microsoft\WindowsApps;C:\Users\johnt\.dotnet\tools;C:\Mingw64\mingw64\bin;C:\Users\johnt\AppData\Local\Programs\Python\Python310\Scripts;C:\Users\johnt\AppData\Local\Programs\Python\Python310;C:\Users\johnt\AppData\Local\Programs\Microsoft VS Code\bin;C:\Users\johnt\AppData\Local\GitHubDesktop\bin;C:\Program Files\CMake\bin;C:\Users\johnt\AppData\Local\Programs\Julia-1.9.0\bin;C:\Program Files\qemu;C:\Ruby32-x64\lib\ruby\gems\3.2.0\gems\rice-4.1.0\lib;C:\Ruby32-x64\lib\ruby\gems\3.2.0\gems\rice-4.1.0\include;C:\Ruby32-x64\lib;C:\Ruby32-x64\include;C:\Ruby32-x64\lib\ruby\gems\3.2.0\gems\rice-4.1.0\include\rice;;C:\Program Files\Microsoft Visual Studio\2022\Community\Common7\IDE\CommonExtensions\Microsoft\CMake\CMake\bin;C:\Program Files\Microsoft Visual Studio\2022\Community\Common7\IDE\CommonExtensions\Microsoft\CMake\Ninja;C:\Program Files\Microsoft Visual Studio\2022\Community\Common7\IDE\VC\Linux\bin\ConnectionManagerExe" "g++ -IC:/Ruby32-x64/include/ruby-3.2.0/x64-mingw-ucrt -IC:/Ruby32-x64/include/ruby-3.2.0/ruby/backward -IC:/Ruby32-x64/include/ruby-3.2.0 -I. -D__USE_MINGW_ANSI_STDIO=1 -DFD_SETSIZE=2048 -D_WIN32_WINNT=0x0600 -D__MINGW_USE_VC2005_COMPAT -D_FILE_OFFSET_BITS=64  -march=nocona -msahf -mtune=generic -O2 -pipe -std=c++17 -Wa,-mbig-obj -m64  -c conftest.cc"
conftest.cc:5:10: fatal error: rice/rice.hpp: No such file or directory
    5 | #include <rice/rice.hpp>
      |          ^~~~~~~~~~~~~~~
compilation terminated.
checked program was:
/* begin */
1: #include "ruby.h"
2: 
3: #include <winsock2.h>
4: #include <windows.h>
5: #include <rice/rice.hpp>
/* end */

PATH=".;C:/Ruby32-x64/lib;C:\Ruby32-x64\bin;C:\Ruby32-x64\msys64\ucrt64\bin;C:\Ruby32-x64\msys64\usr\bin;c:\work\prog_projects;C:\Program Files\Microsoft Visual Studio\2022\Community\Common7\IDE\\Extensions\Microsoft\IntelliCode\CLI;C:\Program Files\Microsoft Visual Studio\2022\Community\VC\Tools\MSVC\14.31.31103\bin\HostX64\x64;C:\Program Files\Microsoft Visual Studio\2022\Community\Common7\IDE\VC\VCPackages;C:\Program Files\Microsoft Visual Studio\2022\Community\Common7\IDE\CommonExtensions\Microsoft\TestWindow;C:\Program Files\Microsoft Visual Studio\2022\Community\Common7\IDE\CommonExtensions\Microsoft\TeamFoundation\Team Explorer;C:\Program Files\Microsoft Visual Studio\2022\Community\MSBuild\Current\bin\Roslyn;C:\Program Files\Microsoft Visual Studio\2022\Community\Team Tools\Performance Tools\x64;C:\Program Files\Microsoft Visual Studio\2022\Community\Team Tools\Performance Tools;C:\Program Files (x86)\Microsoft SDKs\Windows\v10.0A\bin\NETFX 4.8 Tools\x64\;C:\Program Files\Microsoft Visual Studio\2022\Community\Common7\IDE\CommonExtensions\Microsoft\FSharp\Tools;C:\Program Files (x86)\Windows Kits\10\bin\10.0.19041.0\\x64;C:\Program Files (x86)\Windows Kits\10\bin\\x64;C:\Program Files\Microsoft Visual Studio\2022\Community\\MSBuild\Current\Bin\amd64;C:\Windows\Microsoft.NET\Framework64\v4.0.30319;C:\Program Files\Microsoft Visual Studio\2022\Community\Common7\IDE\;C:\Program Files\Microsoft Visual Studio\2022\Community\Common7\Tools\;C:\Ruby32-x64\bin;C:\Program Files\Eclipse Adoptium\jdk-17.0.4.101-hotspot\bin;C:\Program Files\Microsoft\jdk-11.0.12.7-hotspot\bin;C:\WINDOWS\system32;C:\WINDOWS;C:\WINDOWS\System32\Wbem;C:\WINDOWS\System32\WindowsPowerShell\v1.0\;C:\WINDOWS\System32\OpenSSH\;C:\Program Files (x86)\NVIDIA Corporation\PhysX\Common;C:\Program Files\Microsoft SQL Server\150\Tools\Binn\;C:\Program Files\Microsoft SQL Server\Client SDK\ODBC\170\Tools\Binn\;C:\Program Files\dotnet\;C:\Mingw64\mingw64\bin;C:\Users\johnt\AppData\Local\Programs\Python\Python310\Scripts;C:\Users\johnt\AppData\Local\Programs\Python\Python310;C:\Program Files\NVIDIA Corporation\NVIDIA NvDLISR;C:\Program Files (x86)\Windows Kits\10\Windows Performance Toolkit\;C:\Program Files\Git\cmd;C:\Program Files\qemu;C:\Ruby32-x64\lib\ruby\gems\3.2.0\gems\rice-4.1.0\include;C:\Ruby32-x64\lib\ruby\gems\3.2.0\gems\rice-4.1.0\lib;C:\Ruby32-x64\include;C:\Ruby32-x64\lib;C:\Ruby32-x64\lib\ruby\gems\3.2.0\gems\rice-4.1.0\include\rice;C:\Users\johnt\AppData\Local\Microsoft\WindowsApps;C:\Users\johnt\.dotnet\tools;C:\Mingw64\mingw64\bin;C:\Users\johnt\AppData\Local\Programs\Python\Python310\Scripts;C:\Users\johnt\AppData\Local\Programs\Python\Python310;C:\Users\johnt\AppData\Local\Programs\Microsoft VS Code\bin;C:\Users\johnt\AppData\Local\GitHubDesktop\bin;C:\Program Files\CMake\bin;C:\Users\johnt\AppData\Local\Programs\Julia-1.9.0\bin;C:\Program Files\qemu;C:\Ruby32-x64\lib\ruby\gems\3.2.0\gems\rice-4.1.0\lib;C:\Ruby32-x64\lib\ruby\gems\3.2.0\gems\rice-4.1.0\include;C:\Ruby32-x64\lib;C:\Ruby32-x64\include;C:\Ruby32-x64\lib\ruby\gems\3.2.0\gems\rice-4.1.0\include\rice;;C:\Program Files\Microsoft Visual Studio\2022\Community\Common7\IDE\CommonExtensions\Microsoft\CMake\CMake\bin;C:\Program Files\Microsoft Visual Studio\2022\Community\Common7\IDE\CommonExtensions\Microsoft\CMake\Ninja;C:\Program Files\Microsoft Visual Studio\2022\Community\Common7\IDE\VC\Linux\bin\ConnectionManagerExe" "g++ -IC:/Ruby32-x64/include/ruby-3.2.0/x64-mingw-ucrt -IC:/Ruby32-x64/include/ruby-3.2.0/ruby/backward -IC:/Ruby32-x64/include/ruby-3.2.0 -I. -D__USE_MINGW_ANSI_STDIO=1 -DFD_SETSIZE=2048 -D_WIN32_WINNT=0x0600 -D__MINGW_USE_VC2005_COMPAT -D_FILE_OFFSET_BITS=64  -march=nocona -msahf -mtune=generic -O2 -pipe -std=c++17 -Wa,-mbig-obj -m64 -IC:/Ruby32-x64/lib/ruby/gems/3.2.0/gems/rice-4.1.0/include -c conftest.cc"
checked program was:
/* begin */
1: #include "ruby.h"
2: 
3: #include <winsock2.h>
4: #include <windows.h>
5: #include <rice/rice.hpp>
/* end */

--------------------

have_library: checking for -lstdc++... -------------------- yes

PATH=".;C:/Ruby32-x64/lib;C:\Ruby32-x64\bin;C:\Ruby32-x64\msys64\ucrt64\bin;C:\Ruby32-x64\msys64\usr\bin;c:\work\prog_projects;C:\Program Files\Microsoft Visual Studio\2022\Community\Common7\IDE\\Extensions\Microsoft\IntelliCode\CLI;C:\Program Files\Microsoft Visual Studio\2022\Community\VC\Tools\MSVC\14.31.31103\bin\HostX64\x64;C:\Program Files\Microsoft Visual Studio\2022\Community\Common7\IDE\VC\VCPackages;C:\Program Files\Microsoft Visual Studio\2022\Community\Common7\IDE\CommonExtensions\Microsoft\TestWindow;C:\Program Files\Microsoft Visual Studio\2022\Community\Common7\IDE\CommonExtensions\Microsoft\TeamFoundation\Team Explorer;C:\Program Files\Microsoft Visual Studio\2022\Community\MSBuild\Current\bin\Roslyn;C:\Program Files\Microsoft Visual Studio\2022\Community\Team Tools\Performance Tools\x64;C:\Program Files\Microsoft Visual Studio\2022\Community\Team Tools\Performance Tools;C:\Program Files (x86)\Microsoft SDKs\Windows\v10.0A\bin\NETFX 4.8 Tools\x64\;C:\Program Files\Microsoft Visual Studio\2022\Community\Common7\IDE\CommonExtensions\Microsoft\FSharp\Tools;C:\Program Files (x86)\Windows Kits\10\bin\10.0.19041.0\\x64;C:\Program Files (x86)\Windows Kits\10\bin\\x64;C:\Program Files\Microsoft Visual Studio\2022\Community\\MSBuild\Current\Bin\amd64;C:\Windows\Microsoft.NET\Framework64\v4.0.30319;C:\Program Files\Microsoft Visual Studio\2022\Community\Common7\IDE\;C:\Program Files\Microsoft Visual Studio\2022\Community\Common7\Tools\;C:\Ruby32-x64\bin;C:\Program Files\Eclipse Adoptium\jdk-17.0.4.101-hotspot\bin;C:\Program Files\Microsoft\jdk-11.0.12.7-hotspot\bin;C:\WINDOWS\system32;C:\WINDOWS;C:\WINDOWS\System32\Wbem;C:\WINDOWS\System32\WindowsPowerShell\v1.0\;C:\WINDOWS\System32\OpenSSH\;C:\Program Files (x86)\NVIDIA Corporation\PhysX\Common;C:\Program Files\Microsoft SQL Server\150\Tools\Binn\;C:\Program Files\Microsoft SQL Server\Client SDK\ODBC\170\Tools\Binn\;C:\Program Files\dotnet\;C:\Mingw64\mingw64\bin;C:\Users\johnt\AppData\Local\Programs\Python\Python310\Scripts;C:\Users\johnt\AppData\Local\Programs\Python\Python310;C:\Program Files\NVIDIA Corporation\NVIDIA NvDLISR;C:\Program Files (x86)\Windows Kits\10\Windows Performance Toolkit\;C:\Program Files\Git\cmd;C:\Program Files\qemu;C:\Ruby32-x64\lib\ruby\gems\3.2.0\gems\rice-4.1.0\include;C:\Ruby32-x64\lib\ruby\gems\3.2.0\gems\rice-4.1.0\lib;C:\Ruby32-x64\include;C:\Ruby32-x64\lib;C:\Ruby32-x64\lib\ruby\gems\3.2.0\gems\rice-4.1.0\include\rice;C:\Users\johnt\AppData\Local\Microsoft\WindowsApps;C:\Users\johnt\.dotnet\tools;C:\Mingw64\mingw64\bin;C:\Users\johnt\AppData\Local\Programs\Python\Python310\Scripts;C:\Users\johnt\AppData\Local\Programs\Python\Python310;C:\Users\johnt\AppData\Local\Programs\Microsoft VS Code\bin;C:\Users\johnt\AppData\Local\GitHubDesktop\bin;C:\Program Files\CMake\bin;C:\Users\johnt\AppData\Local\Programs\Julia-1.9.0\bin;C:\Program Files\qemu;C:\Ruby32-x64\lib\ruby\gems\3.2.0\gems\rice-4.1.0\lib;C:\Ruby32-x64\lib\ruby\gems\3.2.0\gems\rice-4.1.0\include;C:\Ruby32-x64\lib;C:\Ruby32-x64\include;C:\Ruby32-x64\lib\ruby\gems\3.2.0\gems\rice-4.1.0\include\rice;;C:\Program Files\Microsoft Visual Studio\2022\Community\Common7\IDE\CommonExtensions\Microsoft\CMake\CMake\bin;C:\Program Files\Microsoft Visual Studio\2022\Community\Common7\IDE\CommonExtensions\Microsoft\CMake\Ninja;C:\Program Files\Microsoft Visual Studio\2022\Community\Common7\IDE\VC\Linux\bin\ConnectionManagerExe" "g++ -o conftest.exe -IC:/Ruby32-x64/include/ruby-3.2.0/x64-mingw-ucrt -IC:/Ruby32-x64/include/ruby-3.2.0/ruby/backward -IC:/Ruby32-x64/include/ruby-3.2.0 -I. -IC:/Ruby32-x64/lib/ruby/gems/3.2.0/gems/rice-4.1.0/include -D__USE_MINGW_ANSI_STDIO=1 -DFD_SETSIZE=2048 -D_WIN32_WINNT=0x0600 -D__MINGW_USE_VC2005_COMPAT -D_FILE_OFFSET_BITS=64  -march=nocona -msahf -mtune=generic -O2 -pipe conftest.cc  -L. -LC:/Ruby32-x64/lib -L. -pipe -s -fstack-protector-strong -Wl,--no-as-needed  -m64   -lx64-ucrt-ruby320 -lstdc++  -lshell32 -lws2_32 -liphlpapi -limagehlp -lshlwapi -lbcrypt  "
checked program was:
/* begin */
 1: #include "ruby.h"
 2: 
 3: #include <winsock2.h>
 4: #include <windows.h>
 5: 
 6: /*top*/
 7: extern int t(void);
 8: int main(int argc, char **argv)
 9: {
10:   if (argc > 1000000) {
11:     int (* volatile tp)(void)=(int (*)(void))&t;
12:     printf("%d", (*tp)());
13:   }
14: 
15:   return !!argv[argc];
16: }
17: 
18: int t(void) { ; return 0; }
/* end */

--------------------

